0 info it worked if it ends with ok
1 verbose cli [ '/usr/bin/nodejs',
1 verbose cli   '/usr/bin/npm',
1 verbose cli   'run',
1 verbose cli   'babel-node',
1 verbose cli   '--',
1 verbose cli   'hexlet/brain-games/bin/brain-games.js' ]
2 info using npm@3.5.2
3 info using node@v4.2.6
4 verbose run-script [ 'prebabel-node', 'babel-node', 'postbabel-node' ]
5 info lifecycle brain-games@1.0.0~prebabel-node: brain-games@1.0.0
6 silly lifecycle brain-games@1.0.0~prebabel-node: no script for prebabel-node, continuing
7 info lifecycle brain-games@1.0.0~babel-node: brain-games@1.0.0
8 verbose lifecycle brain-games@1.0.0~babel-node: unsafe-perm in lifecycle true
9 verbose lifecycle brain-games@1.0.0~babel-node: PATH: /usr/share/npm/bin/node-gyp-bin:/home/styopaiv/hexlet/brain-games/node_modules/.bin:/home/styopaiv/bin:/home/styopaiv/.local/bin:/usr/local/sbin:/usr/local/bin:/usr/sbin:/usr/bin:/sbin:/bin:/usr/games:/usr/local/games:/snap/bin:/hexlet/brain-games/bin:/home/styopaiv/hexlet/brain-games/bin:/home/styopaiv/usr/bin
10 verbose lifecycle brain-games@1.0.0~babel-node: CWD: /home/styopaiv/hexlet/brain-games
11 silly lifecycle brain-games@1.0.0~babel-node: Args: [ '-c', 'babel-node "hexlet/brain-games/bin/brain-games.js"' ]
12 silly lifecycle brain-games@1.0.0~babel-node: Returned: code: 1  signal: null
13 info lifecycle brain-games@1.0.0~babel-node: Failed to exec babel-node script
14 verbose stack Error: brain-games@1.0.0 babel-node: `babel-node "hexlet/brain-games/bin/brain-games.js"`
14 verbose stack Exit status 1
14 verbose stack     at EventEmitter.<anonymous> (/usr/share/npm/lib/utils/lifecycle.js:232:16)
14 verbose stack     at emitTwo (events.js:87:13)
14 verbose stack     at EventEmitter.emit (events.js:172:7)
14 verbose stack     at ChildProcess.<anonymous> (/usr/share/npm/lib/utils/spawn.js:24:14)
14 verbose stack     at emitTwo (events.js:87:13)
14 verbose stack     at ChildProcess.emit (events.js:172:7)
14 verbose stack     at maybeClose (internal/child_process.js:821:16)
14 verbose stack     at Process.ChildProcess._handle.onexit (internal/child_process.js:211:5)
15 verbose pkgid brain-games@1.0.0
16 verbose cwd /home/styopaiv/hexlet/brain-games/bin
17 error Linux 4.10.0-30-generic
18 error argv "/usr/bin/nodejs" "/usr/bin/npm" "run" "babel-node" "--" "hexlet/brain-games/bin/brain-games.js"
19 error node v4.2.6
20 error npm  v3.5.2
21 error code ELIFECYCLE
22 error brain-games@1.0.0 babel-node: `babel-node "hexlet/brain-games/bin/brain-games.js"`
22 error Exit status 1
23 error Failed at the brain-games@1.0.0 babel-node script 'babel-node "hexlet/brain-games/bin/brain-games.js"'.
23 error Make sure you have the latest version of node.js and npm installed.
23 error If you do, this is most likely a problem with the brain-games package,
23 error not with npm itself.
23 error Tell the author that this fails on your system:
23 error     babel-node "hexlet/brain-games/bin/brain-games.js"
23 error You can get information on how to open an issue for this project with:
23 error     npm bugs brain-games
23 error Or if that isn't available, you can get their info via:
23 error     npm owner ls brain-games
23 error There is likely additional logging output above.
24 verbose exit [ 1, true ]
